{"/Users/skeletor/Projects/Mobile/scheduler/src/components/EntryHeader/index.js": {"path":"/Users/skeletor/Projects/Mobile/scheduler/src/components/EntryHeader/index.js","statementMap":{"0":{"start":{"line":10,"column":20},"end":{"line":17,"column":1}},"1":{"start":{"line":11,"column":2},"end":{"line":16,"column":9}}},"fnMap":{"0":{"name":"(anonymous_0)","decl":{"start":{"line":10,"column":20},"end":{"line":10,"column":21}},"loc":{"start":{"line":11,"column":2},"end":{"line":16,"column":9}},"line":11}},"branchMap":{},"s":{"0":1,"1":1},"f":{"0":1},"b":{},"_coverageSchema":"332fd63041d2c1bcb487cc26dd0d5f7d97098a6c","hash":"71f7653185add34021bc1d4a02b52d034841a674"}
,"/Users/skeletor/Projects/Mobile/scheduler/src/components/EntryHeader/styles.js": {"path":"/Users/skeletor/Projects/Mobile/scheduler/src/components/EntryHeader/styles.js","statementMap":{"0":{"start":{"line":3,"column":15},"end":{"line":15,"column":2}}},"fnMap":{},"branchMap":{},"s":{"0":1},"f":{},"b":{},"_coverageSchema":"332fd63041d2c1bcb487cc26dd0d5f7d97098a6c","hash":"576befe00df4904d936441358086a0fda3000cdc"}
,"/Users/skeletor/Projects/Mobile/scheduler/src/pages/identify/index.js": {"path":"/Users/skeletor/Projects/Mobile/scheduler/src/pages/identify/index.js","statementMap":{"0":{"start":{"line":1,"column":0},"end":{"line":1,"column":57}},"1":{"start":{"line":1,"column":74},"end":{"line":1,"column":566}},"2":{"start":{"line":1,"column":125},"end":{"line":1,"column":367}},"3":{"start":{"line":1,"column":172},"end":{"line":1,"column":180}},"4":{"start":{"line":1,"column":181},"end":{"line":1,"column":232}},"5":{"start":{"line":1,"column":232},"end":{"line":1,"column":261}},"6":{"start":{"line":1,"column":261},"end":{"line":1,"column":310}},"7":{"start":{"line":1,"column":285},"end":{"line":1,"column":310}},"8":{"start":{"line":1,"column":310},"end":{"line":1,"column":366}},"9":{"start":{"line":1,"column":368},"end":{"line":1,"column":563}},"10":{"start":{"line":1,"column":420},"end":{"line":1,"column":485}},"11":{"start":{"line":1,"column":434},"end":{"line":1,"column":485}},"12":{"start":{"line":1,"column":485},"end":{"line":1,"column":542}},"13":{"start":{"line":1,"column":500},"end":{"line":1,"column":542}},"14":{"start":{"line":1,"column":542},"end":{"line":1,"column":561}},"15":{"start":{"line":2,"column":11},"end":{"line":2,"column":27}},"16":{"start":{"line":2,"column":40},"end":{"line":2,"column":70}},"17":{"start":{"line":3,"column":15},"end":{"line":3,"column":36}},"18":{"start":{"line":3,"column":53},"end":{"line":3,"column":87}},"19":{"start":{"line":6,"column":17},"end":{"line":6,"column":40}},"20":{"start":{"line":8,"column":17},"end":{"line":8,"column":56}},"21":{"start":{"line":8,"column":75},"end":{"line":8,"column":111}},"22":{"start":{"line":11,"column":12},"end":{"line":11,"column":31}},"23":{"start":{"line":11,"column":45},"end":{"line":11,"column":76}},"24":{"start":{"line":11,"column":114},"end":{"line":11,"column":159}},"25":{"start":{"line":11,"column":207},"end":{"line":11,"column":304}},"26":{"start":{"line":11,"column":246},"end":{"line":11,"column":303}},"27":{"start":{"line":11,"column":352},"end":{"line":11,"column":449}},"28":{"start":{"line":11,"column":362},"end":{"line":11,"column":448}},"29":{"start":{"line":11,"column":449},"end":{"line":11,"column":523}},"30":{"start":{"line":11,"column":564},"end":{"line":11,"column":717}},"31":{"start":{"line":11,"column":618},"end":{"line":11,"column":716}},"32":{"start":{"line":11,"column":717},"end":{"line":11,"column":864}},"33":{"start":{"line":11,"column":864},"end":{"line":11,"column":973}},"34":{"start":{"line":11,"column":878},"end":{"line":11,"column":973}},"35":{"start":{"line":13,"column":9},"end":{"line":26,"column":40}},"36":{"start":{"line":13,"column":30},"end":{"line":13,"column":61}},"37":{"start":{"line":13,"column":81},"end":{"line":13,"column":112}},"38":{"start":{"line":13,"column":112},"end":{"line":13,"column":228}},"39":{"start":{"line":13,"column":229},"end":{"line":26,"column":5}},"40":{"start":{"line":21,"column":0},"end":{"line":23,"column":60}},"41":{"start":{"line":26,"column":5},"end":{"line":26,"column":21}},"42":{"start":{"line":26,"column":41},"end":{"line":26,"column":63}},"43":{"start":{"line":26,"column":63},"end":{"line":26,"column":88}},"44":{"start":{"line":26,"column":88},"end":{"line":26,"column":106}},"45":{"start":{"line":26,"column":106},"end":{"line":26,"column":131}}},"fnMap":{"0":{"name":"(anonymous_0)","decl":{"start":{"line":1,"column":74},"end":{"line":1,"column":75}},"loc":{"start":{"line":1,"column":84},"end":{"line":1,"column":564}},"line":1},"1":{"name":"defineProperties","decl":{"start":{"line":1,"column":94},"end":{"line":1,"column":110}},"loc":{"start":{"line":1,"column":124},"end":{"line":1,"column":368}},"line":1},"2":{"name":"(anonymous_2)","decl":{"start":{"line":1,"column":375},"end":{"line":1,"column":376}},"loc":{"start":{"line":1,"column":419},"end":{"line":1,"column":562}},"line":1},"3":{"name":"_interopRequireDefault","decl":{"start":{"line":11,"column":86},"end":{"line":11,"column":108}},"loc":{"start":{"line":11,"column":113},"end":{"line":11,"column":160}},"line":11},"4":{"name":"_classCallCheck","decl":{"start":{"line":11,"column":169},"end":{"line":11,"column":184}},"loc":{"start":{"line":11,"column":206},"end":{"line":11,"column":305}},"line":11},"5":{"name":"_possibleConstructorReturn","decl":{"start":{"line":11,"column":314},"end":{"line":11,"column":340}},"loc":{"start":{"line":11,"column":351},"end":{"line":11,"column":524}},"line":11},"6":{"name":"_inherits","decl":{"start":{"line":11,"column":533},"end":{"line":11,"column":542}},"loc":{"start":{"line":11,"column":563},"end":{"line":11,"column":974}},"line":11},"7":{"name":"(anonymous_7)","decl":{"start":{"line":13,"column":9},"end":{"line":13,"column":10}},"loc":{"start":{"line":13,"column":29},"end":{"line":26,"column":22}},"line":13},"8":{"name":"Identify","decl":{"start":{"line":13,"column":70},"end":{"line":13,"column":78}},"loc":{"start":{"line":13,"column":80},"end":{"line":13,"column":229}},"line":13},"9":{"name":"render","decl":{"start":{"line":13,"column":281},"end":{"line":13,"column":287}},"loc":{"start":{"line":20,"column":0},"end":{"line":26,"column":1}},"line":20}},"branchMap":{"0":{"loc":{"start":{"line":1,"column":203},"end":{"line":1,"column":231}},"type":"binary-expr","locations":[{"start":{"line":1,"column":203},"end":{"line":1,"column":224}},{"start":{"line":1,"column":226},"end":{"line":1,"column":231}}],"line":1},"1":{"loc":{"start":{"line":1,"column":261},"end":{"line":1,"column":310}},"type":"if","locations":[{"start":{"line":1,"column":261},"end":{"line":1,"column":310}},{"start":{"line":1,"column":261},"end":{"line":1,"column":310}}],"line":1},"2":{"loc":{"start":{"line":1,"column":420},"end":{"line":1,"column":485}},"type":"if","locations":[{"start":{"line":1,"column":420},"end":{"line":1,"column":485}},{"start":{"line":1,"column":420},"end":{"line":1,"column":485}}],"line":1},"3":{"loc":{"start":{"line":1,"column":485},"end":{"line":1,"column":542}},"type":"if","locations":[{"start":{"line":1,"column":485},"end":{"line":1,"column":542}},{"start":{"line":1,"column":485},"end":{"line":1,"column":542}}],"line":1},"4":{"loc":{"start":{"line":11,"column":121},"end":{"line":11,"column":158}},"type":"cond-expr","locations":[{"start":{"line":11,"column":141},"end":{"line":11,"column":144}},{"start":{"line":11,"column":145},"end":{"line":11,"column":158}}],"line":11},"5":{"loc":{"start":{"line":11,"column":121},"end":{"line":11,"column":140}},"type":"binary-expr","locations":[{"start":{"line":11,"column":121},"end":{"line":11,"column":124}},{"start":{"line":11,"column":126},"end":{"line":11,"column":140}}],"line":11},"6":{"loc":{"start":{"line":11,"column":207},"end":{"line":11,"column":304}},"type":"if","locations":[{"start":{"line":11,"column":207},"end":{"line":11,"column":304}},{"start":{"line":11,"column":207},"end":{"line":11,"column":304}}],"line":11},"7":{"loc":{"start":{"line":11,"column":352},"end":{"line":11,"column":449}},"type":"if","locations":[{"start":{"line":11,"column":352},"end":{"line":11,"column":449}},{"start":{"line":11,"column":352},"end":{"line":11,"column":449}}],"line":11},"8":{"loc":{"start":{"line":11,"column":456},"end":{"line":11,"column":522}},"type":"cond-expr","locations":[{"start":{"line":11,"column":513},"end":{"line":11,"column":517}},{"start":{"line":11,"column":518},"end":{"line":11,"column":522}}],"line":11},"9":{"loc":{"start":{"line":11,"column":456},"end":{"line":11,"column":512}},"type":"binary-expr","locations":[{"start":{"line":11,"column":456},"end":{"line":11,"column":460}},{"start":{"line":11,"column":463},"end":{"line":11,"column":485}},{"start":{"line":11,"column":487},"end":{"line":11,"column":511}}],"line":11},"10":{"loc":{"start":{"line":11,"column":564},"end":{"line":11,"column":717}},"type":"if","locations":[{"start":{"line":11,"column":564},"end":{"line":11,"column":717}},{"start":{"line":11,"column":564},"end":{"line":11,"column":717}}],"line":11},"11":{"loc":{"start":{"line":11,"column":567},"end":{"line":11,"column":616}},"type":"binary-expr","locations":[{"start":{"line":11,"column":567},"end":{"line":11,"column":597}},{"start":{"line":11,"column":599},"end":{"line":11,"column":616}}],"line":11},"12":{"loc":{"start":{"line":11,"column":750},"end":{"line":11,"column":782}},"type":"binary-expr","locations":[{"start":{"line":11,"column":750},"end":{"line":11,"column":760}},{"start":{"line":11,"column":762},"end":{"line":11,"column":782}}],"line":11},"13":{"loc":{"start":{"line":11,"column":864},"end":{"line":11,"column":973}},"type":"if","locations":[{"start":{"line":11,"column":864},"end":{"line":11,"column":973}},{"start":{"line":11,"column":864},"end":{"line":11,"column":973}}],"line":11},"14":{"loc":{"start":{"line":11,"column":878},"end":{"line":11,"column":972}},"type":"cond-expr","locations":[{"start":{"line":11,"column":900},"end":{"line":11,"column":942}},{"start":{"line":11,"column":943},"end":{"line":11,"column":972}}],"line":11},"15":{"loc":{"start":{"line":13,"column":152},"end":{"line":13,"column":203}},"type":"binary-expr","locations":[{"start":{"line":13,"column":152},"end":{"line":13,"column":170}},{"start":{"line":13,"column":172},"end":{"line":13,"column":203}}],"line":13}},"s":{"0":0,"1":0,"2":0,"3":0,"4":0,"5":0,"6":0,"7":0,"8":0,"9":0,"10":0,"11":0,"12":0,"13":0,"14":0,"15":0,"16":0,"17":0,"18":0,"19":0,"20":0,"21":0,"22":0,"23":0,"24":0,"25":0,"26":0,"27":0,"28":0,"29":0,"30":0,"31":0,"32":0,"33":0,"34":0,"35":0,"36":0,"37":0,"38":0,"39":0,"40":0,"41":0,"42":0,"43":0,"44":0,"45":0},"f":{"0":0,"1":0,"2":0,"3":0,"4":0,"5":0,"6":0,"7":0,"8":0,"9":0},"b":{"0":[0,0],"1":[0,0],"2":[0,0],"3":[0,0],"4":[0,0],"5":[0,0],"6":[0,0],"7":[0,0],"8":[0,0],"9":[0,0,0],"10":[0,0],"11":[0,0],"12":[0,0],"13":[0,0],"14":[0,0],"15":[0,0]}}
,"/Users/skeletor/Projects/Mobile/scheduler/src/pages/identify/styles.js": {"path":"/Users/skeletor/Projects/Mobile/scheduler/src/pages/identify/styles.js","statementMap":{"0":{"start":{"line":1,"column":0},"end":{"line":1,"column":57}},"1":{"start":{"line":1,"column":70},"end":{"line":1,"column":280}},"2":{"start":{"line":1,"column":102},"end":{"line":1,"column":265}},"3":{"start":{"line":1,"column":149},"end":{"line":1,"column":161}},"4":{"start":{"line":1,"column":162},"end":{"line":1,"column":264}},"5":{"start":{"line":1,"column":185},"end":{"line":1,"column":263}},"6":{"start":{"line":1,"column":238},"end":{"line":1,"column":262}},"7":{"start":{"line":1,"column":265},"end":{"line":1,"column":279}},"8":{"start":{"line":1,"column":298},"end":{"line":1,"column":321}},"9":{"start":{"line":2,"column":12},"end":{"line":2,"column":35}},"10":{"start":{"line":4,"column":11},"end":{"line":4,"column":71}},"11":{"start":{"line":4,"column":72},"end":{"line":8,"column":7}}},"fnMap":{"0":{"name":"(anonymous_0)","decl":{"start":{"line":1,"column":85},"end":{"line":1,"column":86}},"loc":{"start":{"line":1,"column":101},"end":{"line":1,"column":280}},"line":1}},"branchMap":{"0":{"loc":{"start":{"line":1,"column":70},"end":{"line":1,"column":280}},"type":"binary-expr","locations":[{"start":{"line":1,"column":70},"end":{"line":1,"column":83}},{"start":{"line":1,"column":85},"end":{"line":1,"column":280}}],"line":1},"1":{"loc":{"start":{"line":1,"column":185},"end":{"line":1,"column":263}},"type":"if","locations":[{"start":{"line":1,"column":185},"end":{"line":1,"column":263}},{"start":{"line":1,"column":185},"end":{"line":1,"column":263}}],"line":1}},"s":{"0":0,"1":0,"2":0,"3":0,"4":0,"5":0,"6":0,"7":0,"8":0,"9":0,"10":0,"11":0},"f":{"0":0},"b":{"0":[0,0],"1":[0,0]}}
,"/Users/skeletor/Projects/Mobile/scheduler/src/pages/login/index.js": {"path":"/Users/skeletor/Projects/Mobile/scheduler/src/pages/login/index.js","statementMap":{"0":{"start":{"line":1,"column":0},"end":{"line":1,"column":57}},"1":{"start":{"line":1,"column":74},"end":{"line":1,"column":566}},"2":{"start":{"line":1,"column":125},"end":{"line":1,"column":367}},"3":{"start":{"line":1,"column":172},"end":{"line":1,"column":180}},"4":{"start":{"line":1,"column":181},"end":{"line":1,"column":232}},"5":{"start":{"line":1,"column":232},"end":{"line":1,"column":261}},"6":{"start":{"line":1,"column":261},"end":{"line":1,"column":310}},"7":{"start":{"line":1,"column":285},"end":{"line":1,"column":310}},"8":{"start":{"line":1,"column":310},"end":{"line":1,"column":366}},"9":{"start":{"line":1,"column":368},"end":{"line":1,"column":563}},"10":{"start":{"line":1,"column":420},"end":{"line":1,"column":485}},"11":{"start":{"line":1,"column":434},"end":{"line":1,"column":485}},"12":{"start":{"line":1,"column":485},"end":{"line":1,"column":542}},"13":{"start":{"line":1,"column":500},"end":{"line":1,"column":542}},"14":{"start":{"line":1,"column":542},"end":{"line":1,"column":561}},"15":{"start":{"line":2,"column":11},"end":{"line":2,"column":27}},"16":{"start":{"line":2,"column":40},"end":{"line":2,"column":70}},"17":{"start":{"line":3,"column":15},"end":{"line":3,"column":36}},"18":{"start":{"line":3,"column":53},"end":{"line":3,"column":87}},"19":{"start":{"line":6,"column":17},"end":{"line":6,"column":40}},"20":{"start":{"line":8,"column":12},"end":{"line":8,"column":31}},"21":{"start":{"line":8,"column":45},"end":{"line":8,"column":76}},"22":{"start":{"line":8,"column":114},"end":{"line":8,"column":159}},"23":{"start":{"line":8,"column":207},"end":{"line":8,"column":304}},"24":{"start":{"line":8,"column":246},"end":{"line":8,"column":303}},"25":{"start":{"line":8,"column":352},"end":{"line":8,"column":449}},"26":{"start":{"line":8,"column":362},"end":{"line":8,"column":448}},"27":{"start":{"line":8,"column":449},"end":{"line":8,"column":523}},"28":{"start":{"line":8,"column":564},"end":{"line":8,"column":717}},"29":{"start":{"line":8,"column":618},"end":{"line":8,"column":716}},"30":{"start":{"line":8,"column":717},"end":{"line":8,"column":864}},"31":{"start":{"line":8,"column":864},"end":{"line":8,"column":973}},"32":{"start":{"line":8,"column":878},"end":{"line":8,"column":973}},"33":{"start":{"line":10,"column":6},"end":{"line":23,"column":37}},"34":{"start":{"line":10,"column":27},"end":{"line":10,"column":55}},"35":{"start":{"line":10,"column":72},"end":{"line":10,"column":100}},"36":{"start":{"line":10,"column":100},"end":{"line":10,"column":210}},"37":{"start":{"line":10,"column":211},"end":{"line":23,"column":5}},"38":{"start":{"line":18,"column":0},"end":{"line":20,"column":64}},"39":{"start":{"line":23,"column":5},"end":{"line":23,"column":18}},"40":{"start":{"line":23,"column":38},"end":{"line":23,"column":57}},"41":{"start":{"line":23,"column":57},"end":{"line":23,"column":79}},"42":{"start":{"line":23,"column":79},"end":{"line":23,"column":94}},"43":{"start":{"line":23,"column":94},"end":{"line":23,"column":116}}},"fnMap":{"0":{"name":"(anonymous_0)","decl":{"start":{"line":1,"column":74},"end":{"line":1,"column":75}},"loc":{"start":{"line":1,"column":84},"end":{"line":1,"column":564}},"line":1},"1":{"name":"defineProperties","decl":{"start":{"line":1,"column":94},"end":{"line":1,"column":110}},"loc":{"start":{"line":1,"column":124},"end":{"line":1,"column":368}},"line":1},"2":{"name":"(anonymous_2)","decl":{"start":{"line":1,"column":375},"end":{"line":1,"column":376}},"loc":{"start":{"line":1,"column":419},"end":{"line":1,"column":562}},"line":1},"3":{"name":"_interopRequireDefault","decl":{"start":{"line":8,"column":86},"end":{"line":8,"column":108}},"loc":{"start":{"line":8,"column":113},"end":{"line":8,"column":160}},"line":8},"4":{"name":"_classCallCheck","decl":{"start":{"line":8,"column":169},"end":{"line":8,"column":184}},"loc":{"start":{"line":8,"column":206},"end":{"line":8,"column":305}},"line":8},"5":{"name":"_possibleConstructorReturn","decl":{"start":{"line":8,"column":314},"end":{"line":8,"column":340}},"loc":{"start":{"line":8,"column":351},"end":{"line":8,"column":524}},"line":8},"6":{"name":"_inherits","decl":{"start":{"line":8,"column":533},"end":{"line":8,"column":542}},"loc":{"start":{"line":8,"column":563},"end":{"line":8,"column":974}},"line":8},"7":{"name":"(anonymous_7)","decl":{"start":{"line":10,"column":6},"end":{"line":10,"column":7}},"loc":{"start":{"line":10,"column":26},"end":{"line":23,"column":19}},"line":10},"8":{"name":"Login","decl":{"start":{"line":10,"column":64},"end":{"line":10,"column":69}},"loc":{"start":{"line":10,"column":71},"end":{"line":10,"column":211}},"line":10},"9":{"name":"render","decl":{"start":{"line":10,"column":260},"end":{"line":10,"column":266}},"loc":{"start":{"line":17,"column":0},"end":{"line":23,"column":1}},"line":17}},"branchMap":{"0":{"loc":{"start":{"line":1,"column":203},"end":{"line":1,"column":231}},"type":"binary-expr","locations":[{"start":{"line":1,"column":203},"end":{"line":1,"column":224}},{"start":{"line":1,"column":226},"end":{"line":1,"column":231}}],"line":1},"1":{"loc":{"start":{"line":1,"column":261},"end":{"line":1,"column":310}},"type":"if","locations":[{"start":{"line":1,"column":261},"end":{"line":1,"column":310}},{"start":{"line":1,"column":261},"end":{"line":1,"column":310}}],"line":1},"2":{"loc":{"start":{"line":1,"column":420},"end":{"line":1,"column":485}},"type":"if","locations":[{"start":{"line":1,"column":420},"end":{"line":1,"column":485}},{"start":{"line":1,"column":420},"end":{"line":1,"column":485}}],"line":1},"3":{"loc":{"start":{"line":1,"column":485},"end":{"line":1,"column":542}},"type":"if","locations":[{"start":{"line":1,"column":485},"end":{"line":1,"column":542}},{"start":{"line":1,"column":485},"end":{"line":1,"column":542}}],"line":1},"4":{"loc":{"start":{"line":8,"column":121},"end":{"line":8,"column":158}},"type":"cond-expr","locations":[{"start":{"line":8,"column":141},"end":{"line":8,"column":144}},{"start":{"line":8,"column":145},"end":{"line":8,"column":158}}],"line":8},"5":{"loc":{"start":{"line":8,"column":121},"end":{"line":8,"column":140}},"type":"binary-expr","locations":[{"start":{"line":8,"column":121},"end":{"line":8,"column":124}},{"start":{"line":8,"column":126},"end":{"line":8,"column":140}}],"line":8},"6":{"loc":{"start":{"line":8,"column":207},"end":{"line":8,"column":304}},"type":"if","locations":[{"start":{"line":8,"column":207},"end":{"line":8,"column":304}},{"start":{"line":8,"column":207},"end":{"line":8,"column":304}}],"line":8},"7":{"loc":{"start":{"line":8,"column":352},"end":{"line":8,"column":449}},"type":"if","locations":[{"start":{"line":8,"column":352},"end":{"line":8,"column":449}},{"start":{"line":8,"column":352},"end":{"line":8,"column":449}}],"line":8},"8":{"loc":{"start":{"line":8,"column":456},"end":{"line":8,"column":522}},"type":"cond-expr","locations":[{"start":{"line":8,"column":513},"end":{"line":8,"column":517}},{"start":{"line":8,"column":518},"end":{"line":8,"column":522}}],"line":8},"9":{"loc":{"start":{"line":8,"column":456},"end":{"line":8,"column":512}},"type":"binary-expr","locations":[{"start":{"line":8,"column":456},"end":{"line":8,"column":460}},{"start":{"line":8,"column":463},"end":{"line":8,"column":485}},{"start":{"line":8,"column":487},"end":{"line":8,"column":511}}],"line":8},"10":{"loc":{"start":{"line":8,"column":564},"end":{"line":8,"column":717}},"type":"if","locations":[{"start":{"line":8,"column":564},"end":{"line":8,"column":717}},{"start":{"line":8,"column":564},"end":{"line":8,"column":717}}],"line":8},"11":{"loc":{"start":{"line":8,"column":567},"end":{"line":8,"column":616}},"type":"binary-expr","locations":[{"start":{"line":8,"column":567},"end":{"line":8,"column":597}},{"start":{"line":8,"column":599},"end":{"line":8,"column":616}}],"line":8},"12":{"loc":{"start":{"line":8,"column":750},"end":{"line":8,"column":782}},"type":"binary-expr","locations":[{"start":{"line":8,"column":750},"end":{"line":8,"column":760}},{"start":{"line":8,"column":762},"end":{"line":8,"column":782}}],"line":8},"13":{"loc":{"start":{"line":8,"column":864},"end":{"line":8,"column":973}},"type":"if","locations":[{"start":{"line":8,"column":864},"end":{"line":8,"column":973}},{"start":{"line":8,"column":864},"end":{"line":8,"column":973}}],"line":8},"14":{"loc":{"start":{"line":8,"column":878},"end":{"line":8,"column":972}},"type":"cond-expr","locations":[{"start":{"line":8,"column":900},"end":{"line":8,"column":942}},{"start":{"line":8,"column":943},"end":{"line":8,"column":972}}],"line":8},"15":{"loc":{"start":{"line":10,"column":140},"end":{"line":10,"column":185}},"type":"binary-expr","locations":[{"start":{"line":10,"column":140},"end":{"line":10,"column":155}},{"start":{"line":10,"column":157},"end":{"line":10,"column":185}}],"line":10}},"s":{"0":0,"1":0,"2":0,"3":0,"4":0,"5":0,"6":0,"7":0,"8":0,"9":0,"10":0,"11":0,"12":0,"13":0,"14":0,"15":0,"16":0,"17":0,"18":0,"19":0,"20":0,"21":0,"22":0,"23":0,"24":0,"25":0,"26":0,"27":0,"28":0,"29":0,"30":0,"31":0,"32":0,"33":0,"34":0,"35":0,"36":0,"37":0,"38":0,"39":0,"40":0,"41":0,"42":0,"43":0},"f":{"0":0,"1":0,"2":0,"3":0,"4":0,"5":0,"6":0,"7":0,"8":0,"9":0},"b":{"0":[0,0],"1":[0,0],"2":[0,0],"3":[0,0],"4":[0,0],"5":[0,0],"6":[0,0],"7":[0,0],"8":[0,0],"9":[0,0,0],"10":[0,0],"11":[0,0],"12":[0,0],"13":[0,0],"14":[0,0],"15":[0,0]}}
,"/Users/skeletor/Projects/Mobile/scheduler/src/pages/login/styles.js": {"path":"/Users/skeletor/Projects/Mobile/scheduler/src/pages/login/styles.js","statementMap":{"0":{"start":{"line":1,"column":0},"end":{"line":1,"column":57}},"1":{"start":{"line":1,"column":70},"end":{"line":1,"column":280}},"2":{"start":{"line":1,"column":102},"end":{"line":1,"column":265}},"3":{"start":{"line":1,"column":149},"end":{"line":1,"column":161}},"4":{"start":{"line":1,"column":162},"end":{"line":1,"column":264}},"5":{"start":{"line":1,"column":185},"end":{"line":1,"column":263}},"6":{"start":{"line":1,"column":238},"end":{"line":1,"column":262}},"7":{"start":{"line":1,"column":265},"end":{"line":1,"column":279}},"8":{"start":{"line":1,"column":298},"end":{"line":1,"column":321}},"9":{"start":{"line":2,"column":12},"end":{"line":2,"column":35}},"10":{"start":{"line":4,"column":11},"end":{"line":4,"column":71}},"11":{"start":{"line":4,"column":72},"end":{"line":8,"column":7}}},"fnMap":{"0":{"name":"(anonymous_0)","decl":{"start":{"line":1,"column":85},"end":{"line":1,"column":86}},"loc":{"start":{"line":1,"column":101},"end":{"line":1,"column":280}},"line":1}},"branchMap":{"0":{"loc":{"start":{"line":1,"column":70},"end":{"line":1,"column":280}},"type":"binary-expr","locations":[{"start":{"line":1,"column":70},"end":{"line":1,"column":83}},{"start":{"line":1,"column":85},"end":{"line":1,"column":280}}],"line":1},"1":{"loc":{"start":{"line":1,"column":185},"end":{"line":1,"column":263}},"type":"if","locations":[{"start":{"line":1,"column":185},"end":{"line":1,"column":263}},{"start":{"line":1,"column":185},"end":{"line":1,"column":263}}],"line":1}},"s":{"0":0,"1":0,"2":0,"3":0,"4":0,"5":0,"6":0,"7":0,"8":0,"9":0,"10":0,"11":0},"f":{"0":0},"b":{"0":[0,0],"1":[0,0]}}
,"/Users/skeletor/Projects/Mobile/scheduler/src/pages/register/index.js": {"path":"/Users/skeletor/Projects/Mobile/scheduler/src/pages/register/index.js","statementMap":{"0":{"start":{"line":1,"column":0},"end":{"line":1,"column":57}},"1":{"start":{"line":1,"column":74},"end":{"line":1,"column":566}},"2":{"start":{"line":1,"column":125},"end":{"line":1,"column":367}},"3":{"start":{"line":1,"column":172},"end":{"line":1,"column":180}},"4":{"start":{"line":1,"column":181},"end":{"line":1,"column":232}},"5":{"start":{"line":1,"column":232},"end":{"line":1,"column":261}},"6":{"start":{"line":1,"column":261},"end":{"line":1,"column":310}},"7":{"start":{"line":1,"column":285},"end":{"line":1,"column":310}},"8":{"start":{"line":1,"column":310},"end":{"line":1,"column":366}},"9":{"start":{"line":1,"column":368},"end":{"line":1,"column":563}},"10":{"start":{"line":1,"column":420},"end":{"line":1,"column":485}},"11":{"start":{"line":1,"column":434},"end":{"line":1,"column":485}},"12":{"start":{"line":1,"column":485},"end":{"line":1,"column":542}},"13":{"start":{"line":1,"column":500},"end":{"line":1,"column":542}},"14":{"start":{"line":1,"column":542},"end":{"line":1,"column":561}},"15":{"start":{"line":2,"column":11},"end":{"line":2,"column":27}},"16":{"start":{"line":2,"column":40},"end":{"line":2,"column":70}},"17":{"start":{"line":3,"column":15},"end":{"line":3,"column":36}},"18":{"start":{"line":3,"column":53},"end":{"line":3,"column":87}},"19":{"start":{"line":6,"column":17},"end":{"line":6,"column":40}},"20":{"start":{"line":8,"column":12},"end":{"line":8,"column":31}},"21":{"start":{"line":8,"column":45},"end":{"line":8,"column":76}},"22":{"start":{"line":8,"column":114},"end":{"line":8,"column":159}},"23":{"start":{"line":8,"column":207},"end":{"line":8,"column":304}},"24":{"start":{"line":8,"column":246},"end":{"line":8,"column":303}},"25":{"start":{"line":8,"column":352},"end":{"line":8,"column":449}},"26":{"start":{"line":8,"column":362},"end":{"line":8,"column":448}},"27":{"start":{"line":8,"column":449},"end":{"line":8,"column":523}},"28":{"start":{"line":8,"column":564},"end":{"line":8,"column":717}},"29":{"start":{"line":8,"column":618},"end":{"line":8,"column":716}},"30":{"start":{"line":8,"column":717},"end":{"line":8,"column":864}},"31":{"start":{"line":8,"column":864},"end":{"line":8,"column":973}},"32":{"start":{"line":8,"column":878},"end":{"line":8,"column":973}},"33":{"start":{"line":10,"column":9},"end":{"line":23,"column":40}},"34":{"start":{"line":10,"column":30},"end":{"line":10,"column":61}},"35":{"start":{"line":10,"column":81},"end":{"line":10,"column":112}},"36":{"start":{"line":10,"column":112},"end":{"line":10,"column":228}},"37":{"start":{"line":10,"column":229},"end":{"line":23,"column":5}},"38":{"start":{"line":18,"column":0},"end":{"line":20,"column":67}},"39":{"start":{"line":23,"column":5},"end":{"line":23,"column":21}},"40":{"start":{"line":23,"column":41},"end":{"line":23,"column":63}},"41":{"start":{"line":23,"column":63},"end":{"line":23,"column":88}},"42":{"start":{"line":23,"column":88},"end":{"line":23,"column":106}},"43":{"start":{"line":23,"column":106},"end":{"line":23,"column":131}}},"fnMap":{"0":{"name":"(anonymous_0)","decl":{"start":{"line":1,"column":74},"end":{"line":1,"column":75}},"loc":{"start":{"line":1,"column":84},"end":{"line":1,"column":564}},"line":1},"1":{"name":"defineProperties","decl":{"start":{"line":1,"column":94},"end":{"line":1,"column":110}},"loc":{"start":{"line":1,"column":124},"end":{"line":1,"column":368}},"line":1},"2":{"name":"(anonymous_2)","decl":{"start":{"line":1,"column":375},"end":{"line":1,"column":376}},"loc":{"start":{"line":1,"column":419},"end":{"line":1,"column":562}},"line":1},"3":{"name":"_interopRequireDefault","decl":{"start":{"line":8,"column":86},"end":{"line":8,"column":108}},"loc":{"start":{"line":8,"column":113},"end":{"line":8,"column":160}},"line":8},"4":{"name":"_classCallCheck","decl":{"start":{"line":8,"column":169},"end":{"line":8,"column":184}},"loc":{"start":{"line":8,"column":206},"end":{"line":8,"column":305}},"line":8},"5":{"name":"_possibleConstructorReturn","decl":{"start":{"line":8,"column":314},"end":{"line":8,"column":340}},"loc":{"start":{"line":8,"column":351},"end":{"line":8,"column":524}},"line":8},"6":{"name":"_inherits","decl":{"start":{"line":8,"column":533},"end":{"line":8,"column":542}},"loc":{"start":{"line":8,"column":563},"end":{"line":8,"column":974}},"line":8},"7":{"name":"(anonymous_7)","decl":{"start":{"line":10,"column":9},"end":{"line":10,"column":10}},"loc":{"start":{"line":10,"column":29},"end":{"line":23,"column":22}},"line":10},"8":{"name":"Register","decl":{"start":{"line":10,"column":70},"end":{"line":10,"column":78}},"loc":{"start":{"line":10,"column":80},"end":{"line":10,"column":229}},"line":10},"9":{"name":"render","decl":{"start":{"line":10,"column":281},"end":{"line":10,"column":287}},"loc":{"start":{"line":17,"column":0},"end":{"line":23,"column":1}},"line":17}},"branchMap":{"0":{"loc":{"start":{"line":1,"column":203},"end":{"line":1,"column":231}},"type":"binary-expr","locations":[{"start":{"line":1,"column":203},"end":{"line":1,"column":224}},{"start":{"line":1,"column":226},"end":{"line":1,"column":231}}],"line":1},"1":{"loc":{"start":{"line":1,"column":261},"end":{"line":1,"column":310}},"type":"if","locations":[{"start":{"line":1,"column":261},"end":{"line":1,"column":310}},{"start":{"line":1,"column":261},"end":{"line":1,"column":310}}],"line":1},"2":{"loc":{"start":{"line":1,"column":420},"end":{"line":1,"column":485}},"type":"if","locations":[{"start":{"line":1,"column":420},"end":{"line":1,"column":485}},{"start":{"line":1,"column":420},"end":{"line":1,"column":485}}],"line":1},"3":{"loc":{"start":{"line":1,"column":485},"end":{"line":1,"column":542}},"type":"if","locations":[{"start":{"line":1,"column":485},"end":{"line":1,"column":542}},{"start":{"line":1,"column":485},"end":{"line":1,"column":542}}],"line":1},"4":{"loc":{"start":{"line":8,"column":121},"end":{"line":8,"column":158}},"type":"cond-expr","locations":[{"start":{"line":8,"column":141},"end":{"line":8,"column":144}},{"start":{"line":8,"column":145},"end":{"line":8,"column":158}}],"line":8},"5":{"loc":{"start":{"line":8,"column":121},"end":{"line":8,"column":140}},"type":"binary-expr","locations":[{"start":{"line":8,"column":121},"end":{"line":8,"column":124}},{"start":{"line":8,"column":126},"end":{"line":8,"column":140}}],"line":8},"6":{"loc":{"start":{"line":8,"column":207},"end":{"line":8,"column":304}},"type":"if","locations":[{"start":{"line":8,"column":207},"end":{"line":8,"column":304}},{"start":{"line":8,"column":207},"end":{"line":8,"column":304}}],"line":8},"7":{"loc":{"start":{"line":8,"column":352},"end":{"line":8,"column":449}},"type":"if","locations":[{"start":{"line":8,"column":352},"end":{"line":8,"column":449}},{"start":{"line":8,"column":352},"end":{"line":8,"column":449}}],"line":8},"8":{"loc":{"start":{"line":8,"column":456},"end":{"line":8,"column":522}},"type":"cond-expr","locations":[{"start":{"line":8,"column":513},"end":{"line":8,"column":517}},{"start":{"line":8,"column":518},"end":{"line":8,"column":522}}],"line":8},"9":{"loc":{"start":{"line":8,"column":456},"end":{"line":8,"column":512}},"type":"binary-expr","locations":[{"start":{"line":8,"column":456},"end":{"line":8,"column":460}},{"start":{"line":8,"column":463},"end":{"line":8,"column":485}},{"start":{"line":8,"column":487},"end":{"line":8,"column":511}}],"line":8},"10":{"loc":{"start":{"line":8,"column":564},"end":{"line":8,"column":717}},"type":"if","locations":[{"start":{"line":8,"column":564},"end":{"line":8,"column":717}},{"start":{"line":8,"column":564},"end":{"line":8,"column":717}}],"line":8},"11":{"loc":{"start":{"line":8,"column":567},"end":{"line":8,"column":616}},"type":"binary-expr","locations":[{"start":{"line":8,"column":567},"end":{"line":8,"column":597}},{"start":{"line":8,"column":599},"end":{"line":8,"column":616}}],"line":8},"12":{"loc":{"start":{"line":8,"column":750},"end":{"line":8,"column":782}},"type":"binary-expr","locations":[{"start":{"line":8,"column":750},"end":{"line":8,"column":760}},{"start":{"line":8,"column":762},"end":{"line":8,"column":782}}],"line":8},"13":{"loc":{"start":{"line":8,"column":864},"end":{"line":8,"column":973}},"type":"if","locations":[{"start":{"line":8,"column":864},"end":{"line":8,"column":973}},{"start":{"line":8,"column":864},"end":{"line":8,"column":973}}],"line":8},"14":{"loc":{"start":{"line":8,"column":878},"end":{"line":8,"column":972}},"type":"cond-expr","locations":[{"start":{"line":8,"column":900},"end":{"line":8,"column":942}},{"start":{"line":8,"column":943},"end":{"line":8,"column":972}}],"line":8},"15":{"loc":{"start":{"line":10,"column":152},"end":{"line":10,"column":203}},"type":"binary-expr","locations":[{"start":{"line":10,"column":152},"end":{"line":10,"column":170}},{"start":{"line":10,"column":172},"end":{"line":10,"column":203}}],"line":10}},"s":{"0":0,"1":0,"2":0,"3":0,"4":0,"5":0,"6":0,"7":0,"8":0,"9":0,"10":0,"11":0,"12":0,"13":0,"14":0,"15":0,"16":0,"17":0,"18":0,"19":0,"20":0,"21":0,"22":0,"23":0,"24":0,"25":0,"26":0,"27":0,"28":0,"29":0,"30":0,"31":0,"32":0,"33":0,"34":0,"35":0,"36":0,"37":0,"38":0,"39":0,"40":0,"41":0,"42":0,"43":0},"f":{"0":0,"1":0,"2":0,"3":0,"4":0,"5":0,"6":0,"7":0,"8":0,"9":0},"b":{"0":[0,0],"1":[0,0],"2":[0,0],"3":[0,0],"4":[0,0],"5":[0,0],"6":[0,0],"7":[0,0],"8":[0,0],"9":[0,0,0],"10":[0,0],"11":[0,0],"12":[0,0],"13":[0,0],"14":[0,0],"15":[0,0]}}
,"/Users/skeletor/Projects/Mobile/scheduler/src/pages/register/styles.js": {"path":"/Users/skeletor/Projects/Mobile/scheduler/src/pages/register/styles.js","statementMap":{"0":{"start":{"line":1,"column":0},"end":{"line":1,"column":57}},"1":{"start":{"line":1,"column":70},"end":{"line":1,"column":280}},"2":{"start":{"line":1,"column":102},"end":{"line":1,"column":265}},"3":{"start":{"line":1,"column":149},"end":{"line":1,"column":161}},"4":{"start":{"line":1,"column":162},"end":{"line":1,"column":264}},"5":{"start":{"line":1,"column":185},"end":{"line":1,"column":263}},"6":{"start":{"line":1,"column":238},"end":{"line":1,"column":262}},"7":{"start":{"line":1,"column":265},"end":{"line":1,"column":279}},"8":{"start":{"line":1,"column":298},"end":{"line":1,"column":321}},"9":{"start":{"line":2,"column":12},"end":{"line":2,"column":35}},"10":{"start":{"line":4,"column":11},"end":{"line":4,"column":71}},"11":{"start":{"line":4,"column":72},"end":{"line":8,"column":7}}},"fnMap":{"0":{"name":"(anonymous_0)","decl":{"start":{"line":1,"column":85},"end":{"line":1,"column":86}},"loc":{"start":{"line":1,"column":101},"end":{"line":1,"column":280}},"line":1}},"branchMap":{"0":{"loc":{"start":{"line":1,"column":70},"end":{"line":1,"column":280}},"type":"binary-expr","locations":[{"start":{"line":1,"column":70},"end":{"line":1,"column":83}},{"start":{"line":1,"column":85},"end":{"line":1,"column":280}}],"line":1},"1":{"loc":{"start":{"line":1,"column":185},"end":{"line":1,"column":263}},"type":"if","locations":[{"start":{"line":1,"column":185},"end":{"line":1,"column":263}},{"start":{"line":1,"column":185},"end":{"line":1,"column":263}}],"line":1}},"s":{"0":0,"1":0,"2":0,"3":0,"4":0,"5":0,"6":0,"7":0,"8":0,"9":0,"10":0,"11":0},"f":{"0":0},"b":{"0":[0,0],"1":[0,0]}}
}
